[2019-09-04 13:10:01] local.ERROR: Unknown or bad timezone (Morocco/Casablanca) {"exception":"[object] (InvalidArgumentException(code: 0): Unknown or bad timezone (Morocco/Casablanca) at /var/www/html/projects/essay/vendor/nesbot/carbon/src/Carbon/CarbonTimeZone.php:90)
[stacktrace]
#0 /var/www/html/projects/essay/vendor/nesbot/carbon/src/Carbon/Traits/Date.php(614): Carbon\\CarbonTimeZone::instance('Morocco/Casabla...', NULL)
#1 /var/www/html/projects/essay/vendor/nesbot/carbon/src/Carbon/Traits/Date.php(1529): Carbon\\Carbon::safeCreateDateTimeZone('Morocco/Casabla...')
#2 /var/www/html/projects/essay/vendor/laravel/framework/src/Illuminate/Console/Scheduling/Event.php(308): Carbon\\Carbon->setTimezone('Morocco/Casabla...')
#3 /var/www/html/projects/essay/vendor/laravel/framework/src/Illuminate/Console/Scheduling/Event.php(284): Illuminate\\Console\\Scheduling\\Event->expressionPasses()
#4 /var/www/html/projects/essay/vendor/laravel/framework/src/Illuminate/Support/HigherOrderCollectionProxy.php(60): Illuminate\\Console\\Scheduling\\Event->isDue(Object(Illuminate\\Foundation\\Application))
#5 [internal function]: Illuminate\\Support\\HigherOrderCollectionProxy->Illuminate\\Support\\{closure}(Object(Illuminate\\Console\\Scheduling\\Event), 0)
#6 /var/www/html/projects/essay/vendor/laravel/framework/src/Illuminate/Support/Arr.php(611): array_filter(Array, Object(Closure), 1)
#7 /var/www/html/projects/essay/vendor/laravel/framework/src/Illuminate/Support/Collection.php(549): Illuminate\\Support\\Arr::where(Array, Object(Closure))
#8 /var/www/html/projects/essay/vendor/laravel/framework/src/Illuminate/Support/HigherOrderCollectionProxy.php(61): Illuminate\\Support\\Collection->filter(Object(Closure))
#9 /var/www/html/projects/essay/vendor/laravel/framework/src/Illuminate/Console/Scheduling/Schedule.php(178): Illuminate\\Support\\HigherOrderCollectionProxy->__call('isDue', Array)
#10 /var/www/html/projects/essay/vendor/laravel/framework/src/Illuminate/Console/Scheduling/ScheduleRunCommand.php(67): Illuminate\\Console\\Scheduling\\Schedule->dueEvents(Object(Illuminate\\Foundation\\Application))
#11 [internal function]: Illuminate\\Console\\Scheduling\\ScheduleRunCommand->handle()
#12 /var/www/html/projects/essay/vendor/laravel/framework/src/Illuminate/Container/BoundMethod.php(32): call_user_func_array(Array, Array)
#13 /var/www/html/projects/essay/vendor/laravel/framework/src/Illuminate/Container/BoundMethod.php(90): Illuminate\\Container\\BoundMethod::Illuminate\\Container\\{closure}()
#14 /var/www/html/projects/essay/vendor/laravel/framework/src/Illuminate/Container/BoundMethod.php(34): Illuminate\\Container\\BoundMethod::callBoundMethod(Object(Illuminate\\Foundation\\Application), Array, Object(Closure))
#15 /var/www/html/projects/essay/vendor/laravel/framework/src/Illuminate/Container/Container.php(576): Illuminate\\Container\\BoundMethod::call(Object(Illuminate\\Foundation\\Application), Array, Array, NULL)
#16 /var/www/html/projects/essay/vendor/laravel/framework/src/Illuminate/Console/Command.php(183): Illuminate\\Container\\Container->call(Array)
#17 /var/www/html/projects/essay/vendor/symfony/console/Command/Command.php(255): Illuminate\\Console\\Command->execute(Object(Symfony\\Component\\Console\\Input\\ArgvInput), Object(Illuminate\\Console\\OutputStyle))
#18 /var/www/html/projects/essay/vendor/laravel/framework/src/Illuminate/Console/Command.php(170): Symfony\\Component\\Console\\Command\\Command->run(Object(Symfony\\Component\\Console\\Input\\ArgvInput), Object(Illuminate\\Console\\OutputStyle))
#19 /var/www/html/projects/essay/vendor/symfony/console/Application.php(915): Illuminate\\Console\\Command->run(Object(Symfony\\Component\\Console\\Input\\ArgvInput), Object(Symfony\\Component\\Console\\Output\\ConsoleOutput))
#20 /var/www/html/projects/essay/vendor/symfony/console/Application.php(272): Symfony\\Component\\Console\\Application->doRunCommand(Object(Illuminate\\Console\\Scheduling\\ScheduleRunCommand), Object(Symfony\\Component\\Console\\Input\\ArgvInput), Object(Symfony\\Component\\Console\\Output\\ConsoleOutput))
#21 /var/www/html/projects/essay/vendor/symfony/console/Application.php(148): Symfony\\Component\\Console\\Application->doRun(Object(Symfony\\Component\\Console\\Input\\ArgvInput), Object(Symfony\\Component\\Console\\Output\\ConsoleOutput))
#22 /var/www/html/projects/essay/vendor/laravel/framework/src/Illuminate/Console/Application.php(90): Symfony\\Component\\Console\\Application->run(Object(Symfony\\Component\\Console\\Input\\ArgvInput), Object(Symfony\\Component\\Console\\Output\\ConsoleOutput))
#23 /var/www/html/projects/essay/vendor/laravel/framework/src/Illuminate/Foundation/Console/Kernel.php(133): Illuminate\\Console\\Application->run(Object(Symfony\\Component\\Console\\Input\\ArgvInput), Object(Symfony\\Component\\Console\\Output\\ConsoleOutput))
#24 /var/www/html/projects/essay/artisan(37): Illuminate\\Foundation\\Console\\Kernel->handle(Object(Symfony\\Component\\Console\\Input\\ArgvInput), Object(Symfony\\Component\\Console\\Output\\ConsoleOutput))
#25 {main}
"} 
